#
# There is insufficient memory for the Java Runtime Environment to continue.
# Native memory allocation (malloc) failed to allocate 1048576 bytes for AllocateHeap
# Possible reasons:
#   The system is out of physical RAM or swap space
#   In 32 bit mode, the process size limit was hit
# Possible solutions:
#   Reduce memory load on the system
#   Increase physical memory or swap space
#   Check if swap backing store is full
#   Use 64 bit Java on a 64 bit OS
#   Decrease Java heap size (-Xmx/-Xms)
#   Decrease number of Java threads
#   Decrease Java thread stack sizes (-Xss)
#   Set larger code cache with -XX:ReservedCodeCacheSize=
# This output file may be truncated or incomplete.
#
#  Out of Memory Error (memory/allocation.inline.hpp:61), pid=12980, tid=0x00000000000020fc
#
# JRE version:  (8.0_121-b13) (build )
# Java VM: Java HotSpot(TM) 64-Bit Server VM (25.121-b13 mixed mode windows-amd64 compressed oops)
# Failed to write core dump. Minidumps are not enabled by default on client versions of Windows
#

---------------  T H R E A D  ---------------

Current thread (0x0000000000a5e000):  JavaThread "Unknown thread" [_thread_in_vm, id=8444, stack(0x0000000002460000,0x0000000002c60000)]

Stack: [0x0000000002460000,0x0000000002c60000]
[error occurred during error reporting (printing stack bounds), id 0xc0000005]

Native frames: (J=compiled Java code, j=interpreted, Vv=VM code, C=native code)


---------------  P R O C E S S  ---------------

Java Threads: ( => current thread )

Other Threads:

=>0x0000000000a5e000 (exited) JavaThread "Unknown thread" [_thread_in_vm, id=8444, stack(0x0000000002460000,0x0000000002c60000)]

VM state:not at safepoint (normal execution)

VM Mutex/Monitor currently owned by a thread: None

Heap:
 PSYoungGen      total 18944K, used 327K [0x00000000f5580000, 0x00000000f6a80000, 0x0000000100000000)
  eden space 16384K, 2% used [0x00000000f5580000,0x00000000f55d1ec8,0x00000000f6580000)
  from space 2560K, 0% used [0x00000000f6800000,0x00000000f6800000,0x00000000f6a80000)
  to   space 2560K, 0% used [0x00000000f6580000,0x00000000f6580000,0x00000000f6800000)
 ParOldGen       total 44032K, used 0K [0x00000000e0000000, 0x00000000e2b00000, 0x00000000f5580000)
  object space 44032K, 0% used [0x00000000e0000000,0x00000000e0000000,0x00000000e2b00000)
 Metaspace       used 746K, capacity 4480K, committed 4480K, reserved 1056768K
  class space    used 75K, capacity 384K, committed 384K, reserved 1048576K

Card table byte_map: [0x0000000012120000,0x0000000012230000] byte_map_base: 0x0000000011a20000

Marking Bits: (ParMarkBitMap*) 0x000000005669b6d0
 Begin Bits: [0x00000000126e0000, 0x0000000012ee0000)
 End Bits:   [0x0000000012ee0000, 0x00000000136e0000)

Polling page: 0x0000000000760000

CodeCache: size=245760Kb used=328Kb max_used=328Kb free=245431Kb
 bounds [0x0000000002d60000, 0x0000000002fd0000, 0x0000000011d60000]
 total_blobs=58 nmethods=0 adapters=38
 compilation: enabled

Compilation events (0 events):
No events

GC Heap History (0 events):
No events

Deoptimization events (0 events):
No events

Internal exceptions (0 events):
No events

Events (10 events):
Event: 0.034 loading class java/lang/Short
Event: 0.034 loading class java/lang/Short done
Event: 0.034 loading class java/lang/Integer
Event: 0.035 loading class java/lang/Integer done
Event: 0.035 loading class java/lang/Long
Event: 0.035 loading class java/lang/Long done
Event: 0.036 loading class java/lang/NullPointerException
Event: 0.036 loading class java/lang/NullPointerException done
Event: 0.036 loading class java/lang/ArithmeticException
Event: 0.036 loading class java/lang/ArithmeticException done


Dynamic libraries:
0x00007ff747cf0000 - 0x00007ff747d27000 	C:\Program Files\Java\jre1.8.0_121\bin\java.exe
0x00007ffa48020000 - 0x00007ffa48210000 	C:\Windows\SYSTEM32\ntdll.dll
0x00007ffa46ac0000 - 0x00007ffa46b72000 	C:\Windows\System32\KERNEL32.DLL
0x00007ffa45ca0000 - 0x00007ffa45f43000 	C:\Windows\System32\KERNELBASE.dll
0x00007ffa46a10000 - 0x00007ffa46ab3000 	C:\Windows\System32\ADVAPI32.dll
0x00007ffa46bf0000 - 0x00007ffa46c8e000 	C:\Windows\System32\msvcrt.dll
0x00007ffa46230000 - 0x00007ffa462c7000 	C:\Windows\System32\sechost.dll
0x00007ffa462d0000 - 0x00007ffa463f0000 	C:\Windows\System32\RPCRT4.dll
0x00007ffa47a60000 - 0x00007ffa47bf4000 	C:\Windows\System32\USER32.dll
0x00007ffa45320000 - 0x00007ffa45341000 	C:\Windows\System32\win32u.dll
0x00007ffa46540000 - 0x00007ffa46566000 	C:\Windows\System32\GDI32.dll
0x00007ffa45160000 - 0x00007ffa452f4000 	C:\Windows\System32\gdi32full.dll
0x00007ffa46030000 - 0x00007ffa460ce000 	C:\Windows\System32\msvcp_win.dll
0x00007ffa45060000 - 0x00007ffa4515a000 	C:\Windows\System32\ucrtbase.dll
0x00007ffa2bed0000 - 0x00007ffa2c155000 	C:\Windows\WinSxS\amd64_microsoft.windows.common-controls_6595b64144ccf1df_6.0.18362.592_none_e6c0b1911312be02\COMCTL32.dll
0x00007ffa47ca0000 - 0x00007ffa47fd6000 	C:\Windows\System32\combase.dll
0x00007ffa45f50000 - 0x00007ffa45fd0000 	C:\Windows\System32\bcryptPrimitives.dll
0x00007ffa47c70000 - 0x00007ffa47c9e000 	C:\Windows\System32\IMM32.DLL
0x0000000055760000 - 0x0000000055832000 	C:\Program Files\Java\jre1.8.0_121\bin\msvcr100.dll
0x0000000055e80000 - 0x000000005671b000 	C:\Program Files\Java\jre1.8.0_121\bin\server\jvm.dll
0x00007ffa47c60000 - 0x00007ffa47c68000 	C:\Windows\System32\PSAPI.DLL
0x00007ffa2ccf0000 - 0x00007ffa2ccf9000 	C:\Windows\SYSTEM32\WSOCK32.dll
0x00007ffa46b80000 - 0x00007ffa46bef000 	C:\Windows\System32\WS2_32.dll
0x00007ffa3e590000 - 0x00007ffa3e5b4000 	C:\Windows\SYSTEM32\WINMM.dll
0x00007ffa36740000 - 0x00007ffa3674a000 	C:\Windows\SYSTEM32\VERSION.dll
0x00007ffa3e560000 - 0x00007ffa3e58d000 	C:\Windows\SYSTEM32\winmmbase.dll
0x00007ffa45ad0000 - 0x00007ffa45b1a000 	C:\Windows\System32\cfgmgr32.dll
0x0000000055e70000 - 0x0000000055e7f000 	C:\Program Files\Java\jre1.8.0_121\bin\verify.dll
0x0000000055e40000 - 0x0000000055e69000 	C:\Program Files\Java\jre1.8.0_121\bin\java.dll
0x0000000055e20000 - 0x0000000055e36000 	C:\Program Files\Java\jre1.8.0_121\bin\zip.dll

VM Arguments:
jvm_args: -Djava.awt.headless=true -Xss8M -Xmx512M 
java_command: com.google.gwt.dev.CompilePermsServer -host localhost -port 53435 -logLevel INFO -cookie 833FE31F9F45FE241F4866CDCB99FF5A
java_class_path (initial): C:\Program Files\Java\jre1.8.0_121\lib\resources.jar;C:\Program Files\Java\jre1.8.0_121\lib\rt.jar;C:\Program Files\Java\jre1.8.0_121\lib\jsse.jar;C:\Program Files\Java\jre1.8.0_121\lib\jce.jar;C:\Program Files\Java\jre1.8.0_121\lib\charsets.jar;C:\Program Files\Java\jre1.8.0_121\lib\jfr.jar;C:\Program Files\Java\jre1.8.0_121\lib\ext\access-bridge-64.jar;C:\Program Files\Java\jre1.8.0_121\lib\ext\cldrdata.jar;C:\Program Files\Java\jre1.8.0_121\lib\ext\dnsns.jar;C:\Program Files\Java\jre1.8.0_121\lib\ext\jaccess.jar;C:\Program Files\Java\jre1.8.0_121\lib\ext\jfxrt.jar;C:\Program Files\Java\jre1.8.0_121\lib\ext\localedata.jar;C:\Program Files\Java\jre1.8.0_121\lib\ext\nashorn.jar;C:\Program Files\Java\jre1.8.0_121\lib\ext\sunec.jar;C:\Program Files\Java\jre1.8.0_121\lib\ext\sunjce_provider.jar;C:\Program Files\Java\jre1.8.0_121\lib\ext\sunmscapi.jar;C:\Program Files\Java\jre1.8.0_121\lib\ext\sunpkcs11.jar;C:\Program Files\Java\jre1.8.0_121\lib\ext\zipfs.jar;F:/Java Vaadin/VaadinWork/BinaryCare/src;F:/Java Vaadin/VaadinWork/BinaryCare/build/classes;F:/Java Vaadin/Vaadin Eclipse/configuration/com.vaadin.integration.eclipse/download/gwt-dev/2.3.0/gwt-dev.jar;F:/Java Vaadin/Vaadin Eclipse/configuration/com.vaadin.integration.eclipse/download/gwt-user/2.3.0/gwt-user.jar;F:/Java Vaadin/VaadinWork/BinaryCare/WebContent/WEB-INF/lib/vaadin-6.8.18.jar;F:/Java Vaadin/Vaadin Eclipse/configuration/com.vaadin.integration.eclipse/download/gwt-dependencies/2.3.0/validation-api-1.0.0.GA-sources.jar;F:/Java Vaadin/Vaadin Eclipse/configuration/com.vaadin.integration.eclipse/download/gwt-dependencies/2.3.0/validation-api-1.0.0.GA.jar
Launcher Type: SUN_STANDARD

Environment Variables:
PATH=C:\ProgramData\Oracle\Java\javapath;C:\Program Files (x86)\Common Files\ArcSoft\Bin;C:\Windows\system32;C:\Windows;C:\Windows\System32\Wbem;C:\Windows\System32\WindowsPowerShell\v1.0\;C:\Windows\System32\OpenSSH\;C:\Program Files\Java\jdk1.8.0_121\bin;C:\Program Files (x86)\Microsoft SQL Server\120\DTS\Binn\;C:\Program Files (x86)\Microsoft SQL Server\Client SDK\ODBC\110\Tools\Binn\;C:\Program Files (x86)\Microsoft SQL Server\120\Tools\Binn\;C:\Program Files (x86)\Microsoft SQL Server\120\Tools\Binn\ManagementStudio\;C:\Program Files\Java\jdk1.7.0_51\bin;C:\Users\User\AppData\Local\Microsoft\WindowsApps;
USERNAME=Abdul AJij
OS=Windows_NT
PROCESSOR_IDENTIFIER=Intel64 Family 6 Model 142 Stepping 9, GenuineIntel



---------------  S Y S T E M  ---------------

OS: Windows 10.0 , 64 bit Build 18362 (10.0.18362.329)

CPU:total 4 (2 cores per cpu, 2 threads per core) family 6 model 142 stepping 9, cmov, cx8, fxsr, mmx, sse, sse2, sse3, ssse3, sse4.1, sse4.2, popcnt, avx, avx2, aes, clmul, erms, 3dnowpref, lzcnt, ht, tsc, tscinvbit, bmi1, bmi2, adx

Memory: 4k page, physical 4089036k(256376k free), swap 16671948k(4296k free)

vm_info: Java HotSpot(TM) 64-Bit Server VM (25.121-b13) for windows-amd64 JRE (1.8.0_121-b13), built on Dec 12 2016 18:21:36 by "java_re" with MS VC++ 10.0 (VS2010)

time: Thu Jan 30 10:14:38 2020
elapsed time: 0 seconds (0d 0h 0m 0s)

